<?xml version="1.0" encoding="UTF-8"?>
<!-- Generated by org.testng.reporters.JUnitXMLReporter -->
<testsuite ignored="0" hostname="DESKTOP-K603VQO" failures="0" tests="3" name="Test4" time="0.261" errors="0" timestamp="2023-07-01T00:06:56 EDT">
  <testcase classname="testScripts.Main" name="@BeforeClass setUp" time="0.023">
    <failure type="java.lang.NullPointerException" message="Cannot invoke &amp;quot;String.equalsIgnoreCase(String)&amp;quot; because &amp;quot;my_browser&amp;quot; is null">
      <![CDATA[java.lang.NullPointerException: Cannot invoke "String.equalsIgnoreCase(String)" because "my_browser" is null
at testScripts.Main.setUp(Main.java:35)
at java.base/java.util.ArrayList.forEach(ArrayList.java:1511)
at java.base/java.util.concurrent.FutureTask.run(FutureTask.java:317)
at java.base/java.util.concurrent.ThreadPoolExecutor.runWorker(ThreadPoolExecutor.java:1144)
at java.base/java.util.concurrent.ThreadPoolExecutor$Worker.run(ThreadPoolExecutor.java:642)
at java.base/java.lang.Thread.run(Thread.java:1589)
... Removed 14 stack frames]]>
    </failure>
  </testcase> <!-- @BeforeClass setUp -->
  <testcase classname="testScripts.Main" name="@AfterClass teardown" time="-1.688184416646E9">
    <skipped/>
  </testcase> <!-- @AfterClass teardown -->
  <testcase classname="testScripts.Main" name="userName" time="0.0">
    <skipped/>
  </testcase> <!-- userName -->
  <testcase classname="testScripts.Main" name="passWord" time="0.0">
    <skipped/>
  </testcase> <!-- passWord -->
  <testcase classname="testScripts.Main" name="loginButton" time="0.0">
    <skipped/>
  </testcase> <!-- loginButton -->
</testsuite> <!-- Test4 -->
